<?xml version="1.0"?>
<!--
  ~ Copyright (c) 2010
  ~
  ~ This file is part of HibernateJConsole.
  ~
  ~     HibernateJConsole is free software: you can redistribute it and/or modify
  ~     it under the terms of the GNU General Public License as published by
  ~     the Free Software Foundation, either version 3 of the License, or
  ~     (at your option) any later version.
  ~
  ~     HibernateJConsole is distributed in the hope that it will be useful,
  ~     but WITHOUT ANY WARRANTY; without even the implied warranty of
  ~     MERCHANTABILITY or FITNESS FOR A PARTICULAR PURPOSE.  See the
  ~     GNU General Public License for more details.
  ~
  ~     You should have received a copy of the GNU General Public License
  ~     along with HibernateJConsole.  If not, see <http://www.gnu.org/licenses/>.
  -->
<!DOCTYPE hibernate-mapping PUBLIC
		"-//Hibernate/Hibernate Mapping DTD//EN"
		"http://hibernate.sourceforge.net/hibernate-mapping-2.0.dtd">
<hibernate-mapping>
	<class name="net.sf.hibernate.jconsole.tester.TestMessageEntity" table="MESSAGES">
		<id name="id" column="MESSAGE_ID">
			<generator class="increment"/>
		</id>
		<property name="text" column="MESSAGE_TEXT"/>
		<many-to-one name="nextMessage" cascade="all" column="NEXT_MESSAGE_ID"/>
	</class>
</hibernate-mapping>